(.venv) PS C:\Users\edwar\Desktop\2A\METMEF\hull_and_white_model\src> python exp7_table_II.py
==========================================================================================
TABLE II — Biais en % du prix B-S pour différents ρ, S/X, T
σ₀ = 15%, ξ = 1.0, μ = 0.0, r = 0.0
==========================================================================================

==========================================================================================
T = 90 jours
     ρ       S/X=0.9      S/X=0.95       S/X=1.0      S/X=1.05       S/X=1.1
------------------------------------------------------------------------------------------
  -1.0   -67.35(2.79)   -22.57(0.72)    -2.44(0.33)     2.35(0.20)     1.78(0.13)
  -0.5   -32.64(1.78)   -11.31(0.45)    -1.36(0.19)     1.06(0.11)     1.12(0.07)
   0.0     3.06(0.72)    -1.14(0.18)    -1.08(0.07)    -0.17(0.04)     0.06(0.02)
   0.5    36.82(1.50)     8.02(0.40)    -0.93(0.19)    -1.78(0.10)    -0.99(0.06)
   1.0    75.68(3.42)    14.24(0.82)    -1.91(0.37)    -3.86(0.20)    -2.20(0.13)

==========================================================================================
T = 180 jours
     ρ       S/X=0.9      S/X=0.95       S/X=1.0      S/X=1.05       S/X=1.1
------------------------------------------------------------------------------------------
  -1.0   -56.04(1.78)   -23.15(0.79)    -4.11(0.46)     1.90(0.33)     2.79(0.23)
  -0.5   -27.34(1.15)   -12.12(0.51)    -2.85(0.28)     0.78(0.19)     1.60(0.14)
   0.0    -0.76(0.57)    -2.78(0.22)    -2.07(0.12)    -0.96(0.08)    -0.10(0.05)
   0.5    24.14(1.07)     4.81(0.49)    -2.01(0.25)    -3.14(0.16)    -2.21(0.12)
   1.0    48.11(2.65)    12.35(1.12)    -2.63(0.56)    -6.05(0.36)    -4.58(0.25)

==========================================================================================
T = 270 jours
     ρ       S/X=0.9      S/X=0.95       S/X=1.0      S/X=1.05       S/X=1.1
------------------------------------------------------------------------------------------
  -1.0   -55.46(1.60)   -23.36(0.85)    -6.18(0.56)     0.71(0.43)     2.82(0.33)
  -0.5   -26.23(1.05)   -12.07(0.56)    -3.81(0.36)     0.53(0.26)     1.40(0.20)
   0.0    -3.21(0.63)    -3.90(0.31)    -2.82(0.21)    -1.53(0.12)    -0.52(0.09)
   0.5    16.43(0.96)     2.83(0.53)    -2.48(0.37)    -4.24(0.22)    -3.41(0.16)
   1.0    31.59(2.47)     8.52(1.30)    -3.99(0.72)    -6.37(0.51)    -6.67(0.38)


Table II reproduite avec succès.