==========================================================================================
TABLE I — Comparaison MC vs Série (Eq.9) vs B-S
σ₀ = 10%, ξ = 1.0, μ = 0.0, T-t = 180 jours, r = 0.0
==========================================================================================
   S/X    Prix BS  Prix Eq.9  Biais Eq.9%    Biais MC%    Std Err
------------------------------------------------------------------------------------------
  0.80     0.0000     0.0001       436.12       348.87     0.0000
  0.81     0.0000     0.0001       319.22       249.20     0.0000
  0.82     0.0001     0.0002       230.54       166.97     0.0000
  0.83     0.0001     0.0003       163.96       127.69     0.0000
  0.84     0.0002     0.0003       114.54        96.78     0.0000
  0.85     0.0003     0.0005        78.32        66.18     0.0000
  0.86     0.0004     0.0007        52.14        47.83     0.0000
  0.87     0.0007     0.0009        33.53        35.14     0.0000
  0.88     0.0010     0.0012        20.55        24.00     0.0000
  0.89     0.0015     0.0017        11.70        16.53     0.0000
  0.90     0.0022     0.0023         5.83        10.31     0.0000
  0.91     0.0031     0.0031         2.07         6.21     0.0000
  0.92     0.0042     0.0042        -0.23         2.68     0.0000
  0.93     0.0057     0.0056        -1.53         0.36     0.0000
  0.94     0.0075     0.0074        -2.17        -1.16     0.0000
  0.95     0.0098     0.0095        -2.40        -2.25     0.0000
  0.96     0.0125     0.0122        -2.38        -2.53     0.0000
  0.97     0.0156     0.0153        -2.22        -2.79     0.0000
  0.98     0.0193     0.0189        -1.98        -2.68     0.0000
  0.99     0.0234     0.0230        -1.72        -2.40     0.0000
  1.00     0.0280     0.0276        -1.45        -1.95     0.0000
  1.01     0.0331     0.0327        -1.20        -1.58     0.0000
  1.02     0.0386     0.0383        -0.97        -1.34     0.0000
  1.03     0.0446     0.0442        -0.76        -0.94     0.0000
  1.04     0.0509     0.0506        -0.58        -0.63     0.0000
  1.05     0.0575     0.0573        -0.41        -0.40     0.0000
  1.06     0.0644     0.0642        -0.28        -0.17     0.0000
  1.07     0.0715     0.0714        -0.16        -0.05     0.0000
  1.08     0.0787     0.0787        -0.06         0.08     0.0000
  1.09     0.0861     0.0861         0.01         0.13     0.0000
  1.10     0.0936     0.0937         0.07         0.18     0.0000
  1.11     0.1011     0.1012         0.11         0.19     0.0000
  1.12     0.1086     0.1088         0.13         0.20     0.0000
  1.13     0.1161     0.1163         0.15         0.19     0.0000
  1.14     0.1236     0.1238         0.15         0.17     0.0000
  1.15     0.1310     0.1312         0.15         0.15     0.0000
  1.16     0.1383     0.1385         0.14         0.13     0.0000
  1.17     0.1456     0.1458         0.13         0.11     0.0000
  1.18     0.1527     0.1529         0.11         0.10     0.0000
  1.19     0.1598     0.1600         0.10         0.08     0.0000
  1.20     0.1668     0.1669         0.08         0.07     0.0000
  1.21     0.1736     0.1737         0.07         0.06     0.0000
  1.22     0.1804     0.1805         0.06         0.05     0.0000
  1.23     0.1870     0.1871         0.05         0.03     0.0000
  1.24     0.1936     0.1936         0.04         0.03     0.0000