==========================================================================================
TABLE III — Volatilités implicites calculées par inversion de Black-Scholes
Volatilité attendue : σ₀ = 15%
Paramètres : ξ = 1.0, μ = 0.0, r = 0.0
==========================================================================================

================================================================================
T = 90 jours
     ρ       S/X=0.9      S/X=0.95       S/X=1.0      S/X=1.05       S/X=1.1
--------------------------------------------------------------------------------
  -1.0   11.88(0.10)   13.46(0.10)   14.69(0.10)   15.76(0.08)   16.84(0.07)  [0.4s]
  -0.5   13.95(0.13)   14.23(0.11)   14.76(0.12)   15.37(0.12)   16.13(0.11)  [0.4s]
   0.0   15.15(0.01)   14.92(0.00)   14.86(0.00)   14.91(0.00)   15.09(0.01)  [0.4s]
   0.5   16.20(0.16)   15.21(0.14)   14.71(0.16)   14.26(0.18)   13.91(0.27)  [0.5s]
   1.0   17.32(0.18)   16.06(0.17)   14.66(0.17)   13.63(0.21)   11.83(0.46)  [0.5s]

================================================================================
T = 180 jours
     ρ       S/X=0.9      S/X=0.95       S/X=1.0      S/X=1.05       S/X=1.1
--------------------------------------------------------------------------------
  -1.0   11.73(0.08)   13.04(0.09)   14.33(0.09)   15.43(0.08)   16.53(0.06)  [0.5s]
  -0.5   13.63(0.12)   13.95(0.11)   14.72(0.12)   15.31(0.12)   15.76(0.11)  [0.5s]
   0.0   15.00(0.01)   14.77(0.01)   14.69(0.01)   14.76(0.01)   14.93(0.01)  [0.3s]
   0.5   15.96(0.17)   15.23(0.16)   15.09(0.18)   14.12(0.20)   13.55(0.24)  [0.5s]
   1.0   16.93(0.19)   15.83(0.19)   14.61(0.20)   13.89(0.24)   11.88(0.34)  [0.5s]

================================================================================
T = 270 jours
     ρ       S/X=0.9      S/X=0.95       S/X=1.0      S/X=1.05       S/X=1.1
--------------------------------------------------------------------------------
  -1.0   11.34(0.07)   13.07(0.08)   14.04(0.08)   15.20(0.07)   16.19(0.06)  [0.5s]
  -0.5   13.50(0.11)   13.88(0.11)   14.30(0.12)   14.96(0.11)   15.57(0.11)  [0.4s]
   0.0   14.86(0.01)   14.64(0.01)   14.54(0.01)   14.62(0.01)   14.78(0.01)  [0.3s]
   0.5   16.17(0.19)   15.28(0.18)   14.59(0.18)   13.98(0.20)   13.73(0.24)  [0.4s]
   1.0   17.30(0.23)   15.63(0.20)   14.29(0.22)   13.60(0.25)   11.56(0.35)  [0.5s]

Temps total: 7s

Comparer avec le papier (Table III, p.297):
  Pour ρ=0, T=90j, ATM: papier donne 14.86%
  L'effet maturité: pour ρ=0, σ_imp ATM décroît quand T augmente